

 ETABS Ultimate 64-bit 18.1.1 Build 2148 (Analysis Build 9780/64)               
 File: C:\Users\epaep\Desktop\...D_Project\recursos\etabs\modelo\modelo_caad.OUT
                                                                     
                                                                       

 1, CONSTR = RIGID, DOF = U1 U2 R3

                     LOCAL COORDINATE SYSTEM FOR CONSTRAINT MASTER
  GLOBAL          U1          U2          U3          R1          R2          R3
     X      1.000000     .000000     .000000    1.000000     .000000     .000000
     Y       .000000    1.000000     .000000     .000000    1.000000     .000000
     Z       .000000     .000000    1.000000     .000000     .000000    1.000000

                     TRANSLATIONAL MASS AND MASS MOMENTS OF INERTIA
                  U1          U2          U3          R1          R2          R3
           31.637699   31.637699     .000000     .000000     .000000  2.4290E+08

                     CENTER OF MASS
  GLOBAL          U1          U2          U3
     X      2500.000    2500.000    2500.000
     Y      3014.504    3014.504    3000.064
     Z      3000.000    3000.000    3000.000

 D I S P L A C E M E N T   D E G R E E S   O F   F R E E D O M

         (A) = Active DOF, equilibrium equation
         (-) = Restrained DOF, reaction computed
         (+) = Constrained DOF
         (>) = External substructure DOF
         ( ) = Null DOF

  JOINTS              UX  UY  UZ  RX  RY  RZ
       1               -   -   -   -   -   -
       2               +   +   A   A   A   +
       3               -   -   -   -   -   -
       4               +   +   A   A   A   +
       5               -   -   -   -   -   -
       6               +   +   A   A   A   +
       7               -   -   -   -   -   -
       8               +   +   A   A   A   +
       9               +   +   -   -   -   +
     ~10 TO    ~229    +   +   A   A   A   +
    NULL                                    

  CONSTRAINTS         U1  U2  U3  R1  R2  R3
 1                     A   A               A
