

 ETABS Ultimate 64-bit 18.1.1 Build 2148 (Analysis Build 9780/64)
 File: C:\Users\epaep\Desktop\...D_Project\recursos\etabs\modelo\modelo_caad.LOG




 B E G I N   A N A L Y S I S                                2020/07/20  05:44:04


 RUNNING ANALYSIS AS A SEPARATE PROCESS
 USING THE STANDARD SOLVER (PROVIDES COMPLETE INSTABILITY INFORMATION)

 NUMBER OF JOINTS                          =         229
    WITH RESTRAINTS                        =           5
    WITH MASS                              =           5
 NUMBER OF FRAME/TENDON ELEMENTS           =          60
 NUMBER OF SHELL ELEMENTS                  =         195
 NUMBER OF CONSTRAINTS/WELDS               =           1
 NUMBER OF LOAD PATTERNS                   =           7
 NUMBER OF ACCELERATION LOADS              =           9
 NUMBER OF LOAD CASES                      =           9

 ADDRESSABLE PHYSICAL MEMORY (RAM)         =       7.886 GB

 PARALLELIZATION OF ANALYSIS OPERATIONS:
 (Env. variable SAPFIRE_NUM_THREADS        =           0)
 NUMBER OF THREADS: STATE (AUTOMATIC)      =           2
 NUMBER OF THREADS: STIFFNESS (AUTOMATIC)  =           2
 NUMBER OF THREADS: EVENT (AUTOMATIC)      =           2
 NUMBER OF THREADS: MOVE (AUTOMATIC)       =           2
 NUMBER OF THREADS: RESPONSE (AUTOMATIC)   =           2
 NUMBER OF THREADS: SOLVE (AUTOMATIC)      =           2
 NUMBER OF THREADS: FORM (AUTOMATIC)       =           2


 E L E M E N T   F O R M A T I O N                                      05:44:05


 NUMBER OF COUPLED CONSTRAINT EQUATIONS    =           0


 L I N E A R   E Q U A T I O N   S O L U T I O N                        05:44:05

 FORMING STIFFNESS AT ZERO (UNSTRESSED) INITIAL CONDITIONS

 TOTAL NUMBER OF EQUILIBRIUM EQUATIONS     =         675
 APPROXIMATE "EFFECTIVE" BAND WIDTH        =          70

 NUMBER OF EQUATION STORAGE BLOCKS         =           1
 MAXIMUM BLOCK SIZE (8-BYTE TERMS)         =       45027
 SIZE OF STIFFNESS FILE(S)                 =     354.426 KB

 NUMBER OF EQUATIONS TO SOLVE              =         675

 ---------------------------------
 BASIC STABILITY CHECK FOR LINEAR LOAD CASES:
    NUMBER OF NEGATIVE STIFFNESS EIGENVALUES SHOULD BE ZERO FOR STABILITY.
    (NOTE: FURTHER CHECKS SHOULD BE CONSIDERED AS DEEMED NECESSARY,
     SUCH AS REVIEWING EIGEN MODES FOR MECHANISMS AND RIGID-BODY MOTION)

    NUMBER OF NEGATIVE EIGENVALUES         =           0,  OK.
 ---------------------------------


 L I N E A R   S T A T I C   C A S E S                                  05:44:05

 USING STIFFNESS AT ZERO (UNSTRESSED) INITIAL CONDITIONS

 TOTAL NUMBER OF CASES TO SOLVE            =           6
 NUMBER OF CASES TO SOLVE PER BLOCK        =           6

 LINEAR STATIC CASES TO BE SOLVED:

 CASE: CV
 CASE: CM
 CASE: CVT
 CASE: SX
 CASE: SY
 CASE: ~LLRF


 E I G E N   M O D A L   A N A L Y S I S                                05:44:05

 CASE: MODOS

 USING STIFFNESS AT ZERO (UNSTRESSED) INITIAL CONDITIONS

 NUMBER OF STIFFNESS DEGREES OF FREEDOM    =         675
 NUMBER OF MASS DEGREES OF FREEDOM         =           3
 MAXIMUM NUMBER OF EIGEN MODES SOUGHT      =          18
 MINIMUM NUMBER OF EIGEN MODES SOUGHT      =           1
 NUMBER OF RESIDUAL-MASS MODES SOUGHT      =           0
 NUMBER OF SUBSPACE VECTORS USED           =           3
 RELATIVE CONVERGENCE TOLERANCE            =    1.00E-09

 FREQUENCY SHIFT  (CENTER) (CYC/TIME)      =     .000000
 FREQUENCY CUTOFF (RADIUS) (CYC/TIME)      =  -INFINITY-
 ALLOW AUTOMATIC FREQUENCY SHIFTING        =         YES

 * * * W A R N I N G * * *
 NUMBER OF MODES SOUGHT REDUCED TO THE NUMBER OF MASS DEGREES OF FREEDOM



 Original stiffness at shift : EV= 0.0000000E+00, f=     .000000, T=  -INFINITY-
 Number of eigenvalues below shift =      0

 Found mode      1 of      3:  EV= 7.1885961E+02, f=    4.267192, T=    0.234346
 Found mode      2 of      3:  EV= 1.6828623E+03, f=    6.528966, T=    0.153164
 Found mode      3 of      3:  EV= 3.0487064E+03, f=    8.787755, T=    0.113795

 NUMBER OF EIGEN MODES FOUND               =           3
 NUMBER OF ITERATIONS PERFORMED            =           1
 NUMBER OF STIFFNESS SHIFTS                =           0


 R E S P O N S E - S P E C T R U M   A N A L Y S I S                    05:44:06

 CASE: SDINAMX

 TYPE OF EXCITATION                        = STANDARD GROUND ACCELERATION

 USING MODES FROM CASE: MODOS
 NUMBER OF DYNAMIC MODES TO BE USED        =           3


 R E S P O N S E - S P E C T R U M   A N A L Y S I S                    05:44:06

 CASE: SDINAMY

 TYPE OF EXCITATION                        = STANDARD GROUND ACCELERATION

 USING MODES FROM CASE: MODOS
 NUMBER OF DYNAMIC MODES TO BE USED        =           3


 A N A L Y S I S   C O M P L E T E                          2020/07/20  05:44:06


 ETABS Ultimate 64-bit 18.1.1 Build 2148 (Analysis Build 9780/64)
 File: C:\Users\epaep\Desktop\...D_Project\recursos\etabs\modelo\modelo_caad.LOG




 B E G I N   A N A L Y S I S                                2020/07/20  05:44:10


 RUNNING ANALYSIS AS A SEPARATE PROCESS
 USING THE STANDARD SOLVER (PROVIDES COMPLETE INSTABILITY INFORMATION)

 NUMBER OF JOINTS                          =         229
    WITH RESTRAINTS                        =           5
    WITH MASS                              =           5
 NUMBER OF FRAME/TENDON ELEMENTS           =          60
 NUMBER OF SHELL ELEMENTS                  =         195
 NUMBER OF CONSTRAINTS/WELDS               =           1
 NUMBER OF LOAD PATTERNS                   =           9
 NUMBER OF ACCELERATION LOADS              =           9
 NUMBER OF LOAD CASES                      =          11

 ADDRESSABLE PHYSICAL MEMORY (RAM)         =       7.886 GB

 PARALLELIZATION OF ANALYSIS OPERATIONS:
 (Env. variable SAPFIRE_NUM_THREADS        =           0)
 NUMBER OF THREADS: STATE (AUTOMATIC)      =           2
 NUMBER OF THREADS: STIFFNESS (AUTOMATIC)  =           2
 NUMBER OF THREADS: EVENT (AUTOMATIC)      =           2
 NUMBER OF THREADS: MOVE (AUTOMATIC)       =           2
 NUMBER OF THREADS: RESPONSE (AUTOMATIC)   =           2
 NUMBER OF THREADS: SOLVE (AUTOMATIC)      =           2
 NUMBER OF THREADS: FORM (AUTOMATIC)       =           2


 E L E M E N T   F O R M A T I O N                                      05:44:10


 NUMBER OF COUPLED CONSTRAINT EQUATIONS    =           0


 L I N E A R   E Q U A T I O N   S O L U T I O N                        05:44:10

 FORMING STIFFNESS AT ZERO (UNSTRESSED) INITIAL CONDITIONS

 TOTAL NUMBER OF EQUILIBRIUM EQUATIONS     =         675
 APPROXIMATE "EFFECTIVE" BAND WIDTH        =          70

 NUMBER OF EQUATION STORAGE BLOCKS         =           1
 MAXIMUM BLOCK SIZE (8-BYTE TERMS)         =       45027
 SIZE OF STIFFNESS FILE(S)                 =     354.426 KB

 NUMBER OF EQUATIONS TO SOLVE              =         675

 ---------------------------------
 BASIC STABILITY CHECK FOR LINEAR LOAD CASES:
    NUMBER OF NEGATIVE STIFFNESS EIGENVALUES SHOULD BE ZERO FOR STABILITY.
    (NOTE: FURTHER CHECKS SHOULD BE CONSIDERED AS DEEMED NECESSARY,
     SUCH AS REVIEWING EIGEN MODES FOR MECHANISMS AND RIGID-BODY MOTION)

    NUMBER OF NEGATIVE EIGENVALUES         =           0,  OK.
 ---------------------------------


 L I N E A R   S T A T I C   C A S E S                                  05:44:10

 USING STIFFNESS AT ZERO (UNSTRESSED) INITIAL CONDITIONS

 TOTAL NUMBER OF CASES TO SOLVE            =           4
 NUMBER OF CASES TO SOLVE PER BLOCK        =           4

 LINEAR STATIC CASES TO BE SOLVED:

 CASE: SX
 CASE: SY
 CASE: ~TORSIONSDINAMX
 CASE: ~TORSIONSDINAMY


 R E S P O N S E - S P E C T R U M   A N A L Y S I S                    05:44:10

 CASE: SDINAMX

 TYPE OF EXCITATION                        = STANDARD GROUND ACCELERATION

 USING MODES FROM CASE: MODOS
 NUMBER OF DYNAMIC MODES TO BE USED        =           3


 R E S P O N S E - S P E C T R U M   A N A L Y S I S                    05:44:10

 CASE: SDINAMY

 TYPE OF EXCITATION                        = STANDARD GROUND ACCELERATION

 USING MODES FROM CASE: MODOS
 NUMBER OF DYNAMIC MODES TO BE USED        =           3


 A N A L Y S I S   C O M P L E T E                          2020/07/20  05:44:11
